0 info it worked if it ends with ok
1 verbose cli [ '/Users/aerickson/.nvm/versions/node/v5.7.0/bin/node',
1 verbose cli   '/Users/aerickson/.nvm/versions/node/v5.7.0/bin/npm',
1 verbose cli   'run',
1 verbose cli   'dev' ]
2 info using npm@3.6.0
3 info using node@v5.7.0
4 verbose run-script [ 'predev', 'dev', 'postdev' ]
5 info lifecycle dmsi-visualcafe@0.1.0~predev: dmsi-visualcafe@0.1.0
6 silly lifecycle dmsi-visualcafe@0.1.0~predev: no script for predev, continuing
7 info lifecycle dmsi-visualcafe@0.1.0~dev: dmsi-visualcafe@0.1.0
8 verbose lifecycle dmsi-visualcafe@0.1.0~dev: unsafe-perm in lifecycle true
9 verbose lifecycle dmsi-visualcafe@0.1.0~dev: PATH: /Users/aerickson/.nvm/versions/node/v5.7.0/lib/node_modules/npm/bin/node-gyp-bin:/repos/personal/bluestem/website/bmes.com/node_modules/.bin:/Users/aerickson/.nvm/versions/node/v5.7.0/bin:/Users/aerickson/.nvm/bin:/Users/aerickson/bin:/Users/aerickson/Library/Android/sdk/tools:/Users/aerickson/Library/Android/sdk/platform-tools:/usr/local/bin:/usr/bin:/bin:/usr/sbin:/sbin:/usr/local/go/bin
10 verbose lifecycle dmsi-visualcafe@0.1.0~dev: CWD: /repos/personal/bluestem/website/bmes.com
11 silly lifecycle dmsi-visualcafe@0.1.0~dev: Args: [ '-c',
11 silly lifecycle   'export NODE_ENV=development && npm run start -- --watch' ]
12 silly lifecycle dmsi-visualcafe@0.1.0~dev: Returned: code: 1  signal: null
13 info lifecycle dmsi-visualcafe@0.1.0~dev: Failed to exec dev script
14 verbose stack Error: dmsi-visualcafe@0.1.0 dev: `export NODE_ENV=development && npm run start -- --watch`
14 verbose stack Exit status 1
14 verbose stack     at EventEmitter.<anonymous> (/Users/aerickson/.nvm/versions/node/v5.7.0/lib/node_modules/npm/lib/utils/lifecycle.js:232:16)
14 verbose stack     at emitTwo (events.js:100:13)
14 verbose stack     at EventEmitter.emit (events.js:185:7)
14 verbose stack     at ChildProcess.<anonymous> (/Users/aerickson/.nvm/versions/node/v5.7.0/lib/node_modules/npm/lib/utils/spawn.js:24:14)
14 verbose stack     at emitTwo (events.js:100:13)
14 verbose stack     at ChildProcess.emit (events.js:185:7)
14 verbose stack     at maybeClose (internal/child_process.js:827:16)
14 verbose stack     at Process.ChildProcess._handle.onexit (internal/child_process.js:211:5)
15 verbose pkgid dmsi-visualcafe@0.1.0
16 verbose cwd /repos/personal/bluestem/website/bmes.com/src/app
17 error Darwin 15.3.0
18 error argv "/Users/aerickson/.nvm/versions/node/v5.7.0/bin/node" "/Users/aerickson/.nvm/versions/node/v5.7.0/bin/npm" "run" "dev"
19 error node v5.7.0
20 error npm  v3.6.0
21 error code ELIFECYCLE
22 error dmsi-visualcafe@0.1.0 dev: `export NODE_ENV=development && npm run start -- --watch`
22 error Exit status 1
23 error Failed at the dmsi-visualcafe@0.1.0 dev script 'export NODE_ENV=development && npm run start -- --watch'.
23 error Make sure you have the latest version of node.js and npm installed.
23 error If you do, this is most likely a problem with the dmsi-visualcafe package,
23 error not with npm itself.
23 error Tell the author that this fails on your system:
23 error     export NODE_ENV=development && npm run start -- --watch
23 error You can get information on how to open an issue for this project with:
23 error     npm bugs dmsi-visualcafe
23 error Or if that isn't available, you can get their info via:
23 error     npm owner ls dmsi-visualcafe
23 error There is likely additional logging output above.
24 verbose exit [ 1, true ]
